17:46:38.369 [main] INFO  stepDefinitions.Hooks - Selected amount :1000
17:46:38.440 [main] INFO  stepDefinitions.Hooks - Clicked next button
17:46:41.688 [main] INFO  stepDefinitions.Hooks - provided all details in the form section
17:46:43.941 [main] INFO  stepDefinitions.Hooks - Clicked confirm button
17:46:43.942 [main] INFO  stepDefinitions.Hooks - Validating the testCase
17:46:44.070 [main] INFO  stepDefinitions.Hooks -   ==>Test TC003_ValidatingGiftCardsSection Passed
17:46:50.146 [main] INFO  stepDefinitions.Hooks - ******TC003__ValidatingGiftCardsSection started*********
17:47:29.040 [main] INFO  stepDefinitions.Hooks - Navigated to GiftCard section
17:47:29.197 [main] INFO  stepDefinitions.Hooks - Selected Ocassion :Birthday/Anniversary
17:47:29.306 [main] INFO  stepDefinitions.Hooks - Selected amount :1000
17:47:29.387 [main] INFO  stepDefinitions.Hooks - Clicked next button
17:47:32.694 [main] INFO  stepDefinitions.Hooks - provided all details in the form section
17:47:34.798 [main] INFO  stepDefinitions.Hooks - Clicked confirm button
17:47:34.798 [main] INFO  stepDefinitions.Hooks - Validating the testCase
17:47:34.867 [main] INFO  stepDefinitions.Hooks -   ==>Test TC003_ValidatingGiftCardsSection Passed
17:47:41.322 [main] INFO  stepDefinitions.Hooks - ******TC003__ValidatingGiftCardsSection started*********
17:48:20.367 [main] INFO  stepDefinitions.Hooks - Navigated to GiftCard section
17:48:20.493 [main] INFO  stepDefinitions.Hooks - Selected Ocassion :Birthday/Anniversary
17:48:20.605 [main] INFO  stepDefinitions.Hooks - Selected amount :1000
17:48:20.677 [main] INFO  stepDefinitions.Hooks - Clicked next button
17:48:23.966 [main] INFO  stepDefinitions.Hooks - provided all details in the form section
17:48:26.191 [main] INFO  stepDefinitions.Hooks - Clicked confirm button
17:48:26.191 [main] INFO  stepDefinitions.Hooks - Validating the testCase
17:48:26.334 [main] INFO  stepDefinitions.Hooks -   ==>Test TC003_ValidatingGiftCardsSection Passed
